c:\users\halo2\desktop\onlinegameproject\fsm-sdl\debug\vc142.pdb
c:\users\halo2\desktop\onlinegameproject\fsm-sdl\debug\vc142.idb
c:\users\halo2\desktop\onlinegameproject\fsm-sdl\debug\player.obj
c:\users\halo2\desktop\onlinegameproject\fsm-sdl\debug\main.obj
c:\users\halo2\desktop\onlinegameproject\fsm-sdl\debug\ltexture.obj
c:\users\halo2\desktop\onlinegameproject\fsm-sdl\debug\game.obj
c:\users\halo2\desktop\onlinegameproject\fsm-sdl\debug\dot.obj
c:\users\halo2\desktop\onlinegameproject\fsm-sdl\debug\sendgetmethods.obj
c:\users\halo2\desktop\onlinegameproject\fsm-sdl\debug\packetstructs.obj
c:\users\halo2\desktop\onlinegameproject\fsm-sdl\debug\packetmanager.obj
c:\users\halo2\desktop\onlinegameproject\fsm-sdl\debug\packet.obj
c:\users\halo2\desktop\onlinegameproject\fsm-sdl\debug\clientini.obj
c:\users\halo2\desktop\onlinegameproject\fsm-sdl\debug\client.obj
c:\users\halo2\desktop\onlinegameproject\fsm-sdl\debug\fsm-sdl.exe
c:\users\halo2\desktop\onlinegameproject\fsm-sdl\debug\fsm-sdl.ilk
c:\users\halo2\desktop\onlinegameproject\fsm-sdl\debug\fsm-sdl.pdb
c:\users\halo2\desktop\onlinegameproject\fsm-sdl\debug\fsm-sdl.res
c:\users\halo2\desktop\onlinegameproject\fsm-sdl\debug\fsm-sdl.tlog\cl.command.1.tlog
c:\users\halo2\desktop\onlinegameproject\fsm-sdl\debug\fsm-sdl.tlog\cl.read.1.tlog
c:\users\halo2\desktop\onlinegameproject\fsm-sdl\debug\fsm-sdl.tlog\cl.write.1.tlog
c:\users\halo2\desktop\onlinegameproject\fsm-sdl\debug\fsm-sdl.tlog\link.command.1.tlog
c:\users\halo2\desktop\onlinegameproject\fsm-sdl\debug\fsm-sdl.tlog\link.read.1.tlog
c:\users\halo2\desktop\onlinegameproject\fsm-sdl\debug\fsm-sdl.tlog\link.write.1.tlog
c:\users\halo2\desktop\onlinegameproject\fsm-sdl\debug\fsm-sdl.tlog\rc.command.1.tlog
c:\users\halo2\desktop\onlinegameproject\fsm-sdl\debug\fsm-sdl.tlog\rc.read.1.tlog
c:\users\halo2\desktop\onlinegameproject\fsm-sdl\debug\fsm-sdl.tlog\rc.write.1.tlog
