c:\users\halo2\desktop\onlinegameproject\lab9server\debug\vc142.pdb
c:\users\halo2\desktop\onlinegameproject\lab9server\debug\vc142.idb
c:\users\halo2\desktop\onlinegameproject\lab9server\debug\source.obj
c:\users\halo2\desktop\onlinegameproject\lab9server\debug\serverini.obj
c:\users\halo2\desktop\onlinegameproject\lab9server\debug\server.obj
c:\users\halo2\desktop\onlinegameproject\lab9server\debug\sendgetmethods.obj
c:\users\halo2\desktop\onlinegameproject\lab9server\debug\processpacket.obj
c:\users\halo2\desktop\onlinegameproject\lab9server\debug\packetstructs.obj
c:\users\halo2\desktop\onlinegameproject\lab9server\debug\packetmanager.obj
c:\users\halo2\desktop\onlinegameproject\lab9server\debug\packet.obj
c:\users\halo2\desktop\onlinegameproject\lab9server\debug\filetransferdata.obj
c:\users\halo2\desktop\onlinegameproject\lab9server\debug\lab9server.exe
c:\users\halo2\desktop\onlinegameproject\lab9server\debug\lab9server.ilk
c:\users\halo2\desktop\onlinegameproject\lab9server\debug\lab9server.pdb
c:\users\halo2\desktop\onlinegameproject\lab9server\debug\lab9server.tlog\cl.command.1.tlog
c:\users\halo2\desktop\onlinegameproject\lab9server\debug\lab9server.tlog\cl.read.1.tlog
c:\users\halo2\desktop\onlinegameproject\lab9server\debug\lab9server.tlog\cl.write.1.tlog
c:\users\halo2\desktop\onlinegameproject\lab9server\debug\lab9server.tlog\link.command.1.tlog
c:\users\halo2\desktop\onlinegameproject\lab9server\debug\lab9server.tlog\link.read.1.tlog
c:\users\halo2\desktop\onlinegameproject\lab9server\debug\lab9server.tlog\link.write.1.tlog
